{"/home/user/Cours/exercices/Test_Driven_Development/script.js": {"path":"/home/user/Cours/exercices/Test_Driven_Development/script.js","all":false,"statementMap":{"0":{"start":{"line":1,"column":0},"end":{"line":1,"column":40}},"1":{"start":{"line":2,"column":0},"end":{"line":2,"column":17}},"2":{"start":{"line":3,"column":0},"end":{"line":3,"column":2}},"3":{"start":{"line":4,"column":0},"end":{"line":4,"column":0}},"4":{"start":{"line":5,"column":0},"end":{"line":5,"column":42}},"5":{"start":{"line":6,"column":0},"end":{"line":6,"column":0}},"6":{"start":{"line":7,"column":0},"end":{"line":7,"column":2}},"7":{"start":{"line":8,"column":0},"end":{"line":8,"column":0}},"8":{"start":{"line":9,"column":0},"end":{"line":9,"column":54}},"9":{"start":{"line":10,"column":0},"end":{"line":10,"column":0}},"10":{"start":{"line":11,"column":0},"end":{"line":11,"column":2}},"11":{"start":{"line":12,"column":0},"end":{"line":12,"column":0}},"12":{"start":{"line":13,"column":0},"end":{"line":13,"column":50}},"13":{"start":{"line":14,"column":0},"end":{"line":14,"column":0}},"14":{"start":{"line":15,"column":0},"end":{"line":15,"column":2}},"15":{"start":{"line":16,"column":0},"end":{"line":16,"column":0}},"16":{"start":{"line":17,"column":0},"end":{"line":17,"column":52}},"17":{"start":{"line":18,"column":0},"end":{"line":18,"column":0}},"18":{"start":{"line":19,"column":0},"end":{"line":19,"column":2}},"19":{"start":{"line":20,"column":0},"end":{"line":20,"column":0}},"20":{"start":{"line":21,"column":0},"end":{"line":21,"column":38}},"21":{"start":{"line":22,"column":0},"end":{"line":22,"column":0}},"22":{"start":{"line":23,"column":0},"end":{"line":23,"column":2}},"23":{"start":{"line":24,"column":0},"end":{"line":24,"column":0}},"24":{"start":{"line":25,"column":0},"end":{"line":25,"column":38}},"25":{"start":{"line":26,"column":0},"end":{"line":26,"column":0}},"26":{"start":{"line":27,"column":0},"end":{"line":27,"column":2}}},"s":{"0":1,"1":1,"2":1,"3":1,"4":1,"5":0,"6":0,"7":1,"8":1,"9":0,"10":0,"11":1,"12":1,"13":0,"14":0,"15":1,"16":1,"17":0,"18":0,"19":1,"20":1,"21":0,"22":0,"23":1,"24":1,"25":0,"26":0},"branchMap":{"0":{"type":"branch","line":1,"loc":{"start":{"line":1,"column":7},"end":{"line":3,"column":2}},"locations":[{"start":{"line":1,"column":7},"end":{"line":3,"column":2}}]}},"b":{"0":[1]},"fnMap":{"0":{"name":"addTask","decl":{"start":{"line":1,"column":7},"end":{"line":3,"column":2}},"loc":{"start":{"line":1,"column":7},"end":{"line":3,"column":2}},"line":1},"1":{"name":"removeTask","decl":{"start":{"line":5,"column":7},"end":{"line":7,"column":2}},"loc":{"start":{"line":5,"column":7},"end":{"line":7,"column":2}},"line":5},"2":{"name":"sortTasks","decl":{"start":{"line":9,"column":7},"end":{"line":11,"column":2}},"loc":{"start":{"line":9,"column":7},"end":{"line":11,"column":2}},"line":9},"3":{"name":"markTaskCompleted","decl":{"start":{"line":13,"column":7},"end":{"line":15,"column":2}},"loc":{"start":{"line":13,"column":7},"end":{"line":15,"column":2}},"line":13},"4":{"name":"markTaskUncompleted","decl":{"start":{"line":17,"column":7},"end":{"line":19,"column":2}},"loc":{"start":{"line":17,"column":7},"end":{"line":19,"column":2}},"line":17},"5":{"name":"markAllAsDone","decl":{"start":{"line":21,"column":7},"end":{"line":23,"column":2}},"loc":{"start":{"line":21,"column":7},"end":{"line":23,"column":2}},"line":21},"6":{"name":"markAllUndone","decl":{"start":{"line":25,"column":7},"end":{"line":27,"column":2}},"loc":{"start":{"line":25,"column":7},"end":{"line":27,"column":2}},"line":25}},"f":{"0":1,"1":0,"2":0,"3":0,"4":0,"5":0,"6":0}}
}
